#
# There is insufficient memory for the Java Runtime Environment to continue.
# Native memory allocation (mmap) failed to map 123731968 bytes for Failed to commit area from 0x000000008a600000 to 0x0000000091c00000 of length 123731968.
# Possible reasons:
#   The system is out of physical RAM or swap space
#   The process is running with CompressedOops enabled, and the Java Heap may be blocking the growth of the native heap
# Possible solutions:
#   Reduce memory load on the system
#   Increase physical memory or swap space
#   Check if swap backing store is full
#   Decrease Java heap size (-Xmx/-Xms)
#   Decrease number of Java threads
#   Decrease Java thread stack sizes (-Xss)
#   Set larger code cache with -XX:ReservedCodeCacheSize=
# This output file may be truncated or incomplete.
#
#  Out of Memory Error (./src/hotspot/os/windows/os_windows.cpp:3521), pid=26884, tid=23220
#
# JRE version:  (11.0.12+7) (build )
# Java VM: OpenJDK 64-Bit Server VM (11.0.12+7-b1504.28-7817840, mixed mode, sharing, tiered, compressed oops, g1 gc, windows-amd64)
# No core dump will be written. Minidumps are not enabled by default on client versions of Windows
#

---------------  S U M M A R Y ------------

Command Line: 

Host: AMD Ryzen 5 5600H with Radeon Graphics         , 12 cores, 7G,  Windows 10 , 64 bit Build 22000 (10.0.22000.708)
Time: Sat Sep 17 12:14:25 2022 India Standard Time elapsed time: 0.017030 seconds (0d 0h 0m 0s)

---------------  T H R E A D  ---------------

Current thread (0x000001b807f3f800):  JavaThread "Unknown thread" [_thread_in_vm, id=23220, stack(0x0000002b96500000,0x0000002b96600000)]

Stack: [0x0000002b96500000,0x0000002b96600000]
Native frames: (J=compiled Java code, j=interpreted, Vv=VM code, C=native code)
V  [jvm.dll+0x5fbcea]
V  [jvm.dll+0x731905]
V  [jvm.dll+0x732f1d]
V  [jvm.dll+0x7335d3]
V  [jvm.dll+0x247bf8]
V  [jvm.dll+0x5f90b4]
V  [jvm.dll+0x5edc85]
V  [jvm.dll+0x305aeb]
V  [jvm.dll+0x305a5a]
V  [jvm.dll+0x305932]
V  [jvm.dll+0x30a896]
V  [jvm.dll+0x353803]
V  [jvm.dll+0x353f06]
V  [jvm.dll+0x353903]
V  [jvm.dll+0x2e0678]
V  [jvm.dll+0x2e1827]
V  [jvm.dll+0x710037]
V  [jvm.dll+0x71182c]
V  [jvm.dll+0x360da9]
V  [jvm.dll+0x6f390e]
V  [jvm.dll+0x3c9723]
V  [jvm.dll+0x3cb9b1]
C  [jli.dll+0x536b]
C  [ucrtbase.dll+0x26c0c]
C  [KERNEL32.DLL+0x154e0]
C  [ntdll.dll+0x485b]


---------------  P R O C E S S  ---------------

Threads class SMR info:
_java_thread_list=0x000001b805d14740, length=0, elements={
}

Java Threads: ( => current thread )

Other Threads:
  0x000001b807f56000 GCTaskThread "GC Thread#0" [stack: 0x0000002b96600000,0x0000002b96700000] [id=13304]
  0x000001b807f83800 ConcurrentGCThread "G1 Main Marker" [stack: 0x0000002b96700000,0x0000002b96800000] [id=25772]
  0x000001b807f86800 ConcurrentGCThread "G1 Conc#0" [stack: 0x0000002b96800000,0x0000002b96900000] [id=7640]

[error occurred during error reporting (printing all threads), id 0xc0000005, EXCEPTION_ACCESS_VIOLATION (0xc0000005) at pc=0x00007ffafbab0be7]

VM state:not at safepoint (not fully initialized)

VM Mutex/Monitor currently owned by a thread:  ([mutex/lock_event])
[0x000001b807f3aea0] Heap_lock - owner thread: 0x000001b807f3f800

Heap address: 0x000000008a600000, size: 1882 MB, Compressed Oops mode: Non-zero based: 0x000000008a600000
Narrow klass base: 0x0000000000000000, Narrow klass shift: 0

GC Heap History (0 events):
No events

Deoptimization events (0 events):
No events

Classes redefined (0 events):
No events

Internal exceptions (0 events):
No events

Events (1 events):
Event: 0.012 Loaded shared library E:\AndroidStudio\jre\bin\zip.dll


Dynamic libraries:
0x00007ff64ac90000 - 0x00007ff64ac9a000 	E:\AndroidStudio\jre\bin\java.exe
0x00007ffb8bd00000 - 0x00007ffb8bf09000 	C:\windows\SYSTEM32\ntdll.dll
0x00007ffb8b450000 - 0x00007ffb8b50d000 	C:\windows\System32\KERNEL32.DLL
0x00007ffb893f0000 - 0x00007ffb8976d000 	C:\windows\System32\KERNELBASE.dll
0x00007ffb892d0000 - 0x00007ffb893e1000 	C:\windows\System32\ucrtbase.dll
0x00007ffb54230000 - 0x00007ffb54249000 	E:\AndroidStudio\jre\bin\jli.dll
0x00007ffb51570000 - 0x00007ffb51587000 	E:\AndroidStudio\jre\bin\VCRUNTIME140.dll
0x00007ffb8b9c0000 - 0x00007ffb8bb6d000 	C:\windows\System32\USER32.dll
0x00007ffb89b60000 - 0x00007ffb89b86000 	C:\windows\System32\win32u.dll
0x00007ffb6d8b0000 - 0x00007ffb6db55000 	C:\windows\WinSxS\amd64_microsoft.windows.common-controls_6595b64144ccf1df_6.0.22000.120_none_9d947278b86cc467\COMCTL32.dll
0x00007ffb89b90000 - 0x00007ffb89bb9000 	C:\windows\System32\GDI32.dll
0x00007ffb89810000 - 0x00007ffb89928000 	C:\windows\System32\gdi32full.dll
0x00007ffb8bb70000 - 0x00007ffb8bc13000 	C:\windows\System32\msvcrt.dll
0x00007ffb89770000 - 0x00007ffb8980d000 	C:\windows\System32\msvcp_win.dll
0x00007ffb8b610000 - 0x00007ffb8b641000 	C:\windows\System32\IMM32.DLL
0x00007ffb1fcf0000 - 0x00007ffb1fd8d000 	E:\AndroidStudio\jre\bin\msvcp140.dll
0x00007ffafb7c0000 - 0x00007ffafc2a5000 	E:\AndroidStudio\jre\bin\server\jvm.dll
0x00007ffb8afc0000 - 0x00007ffb8b06e000 	C:\windows\System32\ADVAPI32.dll
0x00007ffb8bc20000 - 0x00007ffb8bcbe000 	C:\windows\System32\sechost.dll
0x00007ffb89bc0000 - 0x00007ffb89ce0000 	C:\windows\System32\RPCRT4.dll
0x00007ffb8b600000 - 0x00007ffb8b608000 	C:\windows\System32\PSAPI.DLL
0x00007ffb83760000 - 0x00007ffb83793000 	C:\windows\SYSTEM32\WINMM.dll
0x00007ffb81a60000 - 0x00007ffb81a6a000 	C:\windows\SYSTEM32\VERSION.dll
0x00007ffb85260000 - 0x00007ffb85269000 	C:\windows\SYSTEM32\WSOCK32.dll
0x00007ffb8a980000 - 0x00007ffb8a9ef000 	C:\windows\System32\WS2_32.dll
0x00007ffb882e0000 - 0x00007ffb882f8000 	C:\windows\SYSTEM32\kernel.appcore.dll
0x00007ffb85240000 - 0x00007ffb85251000 	E:\AndroidStudio\jre\bin\verify.dll
0x00007ffb77ad0000 - 0x00007ffb77cf1000 	C:\windows\SYSTEM32\DBGHELP.DLL
0x00007ffb6fee0000 - 0x00007ffb6ff11000 	C:\windows\SYSTEM32\dbgcore.DLL
0x00007ffb89250000 - 0x00007ffb892cf000 	C:\windows\System32\bcryptPrimitives.dll
0x00007ffb713d0000 - 0x00007ffb713f9000 	E:\AndroidStudio\jre\bin\java.dll
0x00007ffb85230000 - 0x00007ffb8523b000 	E:\AndroidStudio\jre\bin\jimage.dll
0x00007ffb713b0000 - 0x00007ffb713c8000 	E:\AndroidStudio\jre\bin\zip.dll

dbghelp: loaded successfully - version: 4.0.5 - missing functions: none
symbol engine: initialized successfully - sym options: 0x614 - pdb path: .;E:\AndroidStudio\jre\bin;C:\windows\SYSTEM32;C:\windows\WinSxS\amd64_microsoft.windows.common-controls_6595b64144ccf1df_6.0.22000.120_none_9d947278b86cc467;E:\AndroidStudio\jre\bin\server

VM Arguments:
java_command: <unknown>
java_class_path (initial): <not set>
Launcher Type: SUN_STANDARD

[Global flags]
     intx CICompilerCount                          = 4                                         {product} {ergonomic}
     uint ConcGCThreads                            = 3                                         {product} {ergonomic}
     uint G1ConcRefinementThreads                  = 10                                        {product} {ergonomic}
   size_t G1HeapRegionSize                         = 1048576                                   {product} {ergonomic}
    uintx GCDrainStackTargetSize                   = 64                                        {product} {ergonomic}
   size_t InitialHeapSize                          = 123731968                                 {product} {ergonomic}
   size_t MarkStackSize                            = 4194304                                   {product} {ergonomic}
   size_t MaxHeapSize                              = 1973420032                                {product} {ergonomic}
   size_t MinHeapDeltaBytes                        = 1048576                                   {product} {ergonomic}
    uintx NonNMethodCodeHeapSize                   = 5836300                                {pd product} {ergonomic}
    uintx NonProfiledCodeHeapSize                  = 122910970                              {pd product} {ergonomic}
    uintx ProfiledCodeHeapSize                     = 122910970                              {pd product} {ergonomic}
    uintx ReservedCodeCacheSize                    = 251658240                              {pd product} {ergonomic}
     bool SegmentedCodeCache                       = true                                      {product} {ergonomic}
     bool UseCompressedClassPointers               = true                                 {lp64_product} {ergonomic}
     bool UseCompressedOops                        = true                                 {lp64_product} {ergonomic}
     bool UseG1GC                                  = true                                      {product} {ergonomic}
     bool UseLargePagesIndividualAllocation        = false                                  {pd product} {ergonomic}

Logging:
Log output configuration:
 #0: stdout all=warning uptime,level,tags
 #1: stderr all=off uptime,level,tags

Environment Variables:
PATH=E:\VMware_Workstation\bin\;C:\windows\system32;C:\windows;C:\windows\System32\Wbem;C:\windows\System32\WindowsPowerShell\v1.0\;C:\windows\System32\OpenSSH\;C:\Program Files (x86)\NVIDIA Corporation\PhysX\Common;C:\Program Files\NVIDIA Corporation\NVIDIA NvDLISR;E:\Git\cmd;C:\Users\chauh\gpg4win-4.0.2\Gpg4win\..\GnuPG\bin;C:\Program Files\MySQL\MySQL Shell 8.0\bin\;E:\Python 3.10\Scripts\;E:\Python 3.10\;C:\Users\chauh\AppData\Local\Microsoft\WindowsApps;E:\Coding\Microsoft VS Code\bin;E:\Coding\MSYS\mingw64\bin;E:\Flutter\flutter\bin;E:\AndroidStudio\jre\bin;;E:\Flutter\flutter\bin\mingit\cmd
USERNAME=chauh
OS=Windows_NT
PROCESSOR_IDENTIFIER=AMD64 Family 25 Model 80 Stepping 0, AuthenticAMD



---------------  S Y S T E M  ---------------

OS: Windows 10 , 64 bit Build 22000 (10.0.22000.708)
OS uptime: 0 days 1:50 hours

CPU:total 12 (initial active 12) (12 cores per cpu, 2 threads per core) family 25 model 80 stepping 0 microcode 0x0, cmov, cx8, fxsr, mmx, sse, sse2, sse3, ssse3, sse4.1, sse4.2, popcnt, avx, avx2, aes, clmul, erms, mmxext, 3dnowpref, lzcnt, sse4a, ht, tsc, tscinvbit, tscinv, bmi1, bmi2, adx, sha, fma

Memory: 4k page, system-wide physical 7524M (102M free)
TotalPageFile size 31076M (AvailPageFile size 54M)
current process WorkingSet (physical memory assigned to process): 10M, peak: 10M
current process commit charge ("private bytes"): 64M, peak: 181M

vm_info: OpenJDK 64-Bit Server VM (11.0.12+7-b1504.28-7817840) for windows-amd64 JRE (11.0.12+7-b1504.28-7817840), built on Oct 13 2021 22:12:33 by "builder" with MS VC++ 14.0 (VS2015)

END.
